YardPro1/build/outputs/logs/manifest-merger-debug-report.txt
-- Merging decision tree log ---
manifest
ADDED from src/main/AndroidManifest.xml:17:1-59:12
INJECTED from src/main/AndroidManifest.xml:17:1-59:12
INJECTED from src/main/AndroidManifest.xml:17:1-59:12
MERGED from [com.android.support:gridlayout-v7:21.0.2] AndroidManifest.xml:14:4-17:12
MERGED from [com.android.support:appcompat-v7:21.0.2] AndroidManifest.xml:14:4-17:12
MERGED from [com.android.support:support-v4:21.0.2] AndroidManifest.xml:14:4-17:12
MERGED from [com.android.support:cardview-v7:21.0.2] AndroidManifest.xml:14:4-17:12
INJECTED from src/main/AndroidManifest.xml:17:1-59:12
INJECTED from src/main/AndroidManifest.xml:17:1-59:12
	package
		ADDED from src/main/AndroidManifest.xml:18:5-56
	android:versionName
		ADDED from src/main/AndroidManifest.xml:20:5-30
		INJECTED from src/main/AndroidManifest.xml
		INJECTED from src/main/AndroidManifest.xml
	xmlns:android
		ADDED from src/main/AndroidManifest.xml:17:11-69
	android:versionCode
		ADDED from src/main/AndroidManifest.xml:19:5-28
		INJECTED from src/main/AndroidManifest.xml
		INJECTED from src/main/AndroidManifest.xml
uses-permission#android.permission.WRITE_EXTERNAL_STORAGE
ADDED from src/main/AndroidManifest.xml:22:5-23:68
	android:name
		ADDED from src/main/AndroidManifest.xml:23:9-65
uses-permission#android.permission.READ_CONTACTS
ADDED from src/main/AndroidManifest.xml:24:5-25:59
	android:name
		ADDED from src/main/AndroidManifest.xml:25:9-56
uses-feature#android.hardware.camera
ADDED from src/main/AndroidManifest.xml:26:5-28:35
	android:required
		ADDED from src/main/AndroidManifest.xml:28:9-32
	android:name
		ADDED from src/main/AndroidManifest.xml:27:9-47
application
ADDED from src/main/AndroidManifest.xml:32:5-57:19
MERGED from [com.android.support:gridlayout-v7:21.0.2] AndroidManifest.xml:16:5-19
MERGED from [com.android.support:gridlayout-v7:21.0.2] AndroidManifest.xml:16:5-19
MERGED from [com.android.support:appcompat-v7:21.0.2] AndroidManifest.xml:16:5-19
MERGED from [com.android.support:appcompat-v7:21.0.2] AndroidManifest.xml:16:5-19
MERGED from [com.android.support:support-v4:21.0.2] AndroidManifest.xml:16:5-19
MERGED from [com.android.support:support-v4:21.0.2] AndroidManifest.xml:16:5-19
MERGED from [com.android.support:cardview-v7:21.0.2] AndroidManifest.xml:16:5-19
MERGED from [com.android.support:cardview-v7:21.0.2] AndroidManifest.xml:16:5-19
	android:label
		ADDED from src/main/AndroidManifest.xml:35:9-41
	android:icon
		ADDED from src/main/AndroidManifest.xml:34:9-42
	android:allowBackup
		ADDED from src/main/AndroidManifest.xml:33:9-35
	android:theme
		ADDED from src/main/AndroidManifest.xml:36:9-67
activity#com.example.android.actionbarcompat.basic.Jobs
ADDED from src/main/AndroidManifest.xml:39:9-47:20
	android:label
		ADDED from src/main/AndroidManifest.xml:41:13-56
	android:name
		ADDED from src/main/AndroidManifest.xml:40:13-33
intent-filter#android.intent.action.MAIN+android.intent.category.LAUNCHER
ADDED from src/main/AndroidManifest.xml:42:13-46:29
action#android.intent.action.MAIN
ADDED from src/main/AndroidManifest.xml:43:17-69
	android:name
		ADDED from src/main/AndroidManifest.xml:43:25-66
category#android.intent.category.LAUNCHER
ADDED from src/main/AndroidManifest.xml:45:17-77
	android:name
		ADDED from src/main/AndroidManifest.xml:45:27-74
activity#com.example.android.actionbarcompat.basic.JobDetail
ADDED from src/main/AndroidManifest.xml:48:9-52:20
	android:parentActivityName
		ADDED from src/main/AndroidManifest.xml:50:13-47
	android:label
		ADDED from src/main/AndroidManifest.xml:51:13-62
	android:name
		ADDED from src/main/AndroidManifest.xml:49:13-38
activity#com.example.android.actionbarcompat.basic.JobServices
ADDED from src/main/AndroidManifest.xml:53:9-56:20
	android:label
		ADDED from src/main/AndroidManifest.xml:55:13-64
	android:name
		ADDED from src/main/AndroidManifest.xml:54:13-40
uses-sdk
INJECTED from src/main/AndroidManifest.xml reason: use-sdk injection requested
INJECTED from src/main/AndroidManifest.xml
INJECTED from src/main/AndroidManifest.xml
MERGED from [com.android.support:gridlayout-v7:21.0.2] AndroidManifest.xml:15:5-42
MERGED from [com.android.support:gridlayout-v7:21.0.2] AndroidManifest.xml:15:5-42
MERGED from [com.android.support:appcompat-v7:21.0.2] AndroidManifest.xml:15:5-42
MERGED from [com.android.support:appcompat-v7:21.0.2] AndroidManifest.xml:15:5-42
MERGED from [com.android.support:support-v4:21.0.2] AndroidManifest.xml:15:5-42
MERGED from [com.android.support:support-v4:21.0.2] AndroidManifest.xml:15:5-42
MERGED from [com.android.support:cardview-v7:21.0.2] AndroidManifest.xml:15:5-42
MERGED from [com.android.support:cardview-v7:21.0.2] AndroidManifest.xml:15:5-42
INJECTED from src/main/AndroidManifest.xml
INJECTED from src/main/AndroidManifest.xml
	android:targetSdkVersion
		INJECTED from src/main/AndroidManifest.xml
		ADDED from src/main/AndroidManifest.xml
		INJECTED from src/main/AndroidManifest.xml
	android:minSdkVersion
		INJECTED from src/main/AndroidManifest.xml
		ADDED from src/main/AndroidManifest.xml
		INJECTED from src/main/AndroidManifest.xml